Terminal Hex log file
Date: 11/11/2012 - 10:56:32 PM
-----------------------------------------------
53 74 61 72 74 69 6E 67 2E 2E 43 61 6C 69 62 72 
61 74 69 6E 67 20 73 74 61 72 74 2E 2E 43 61 6C 
69 62 72 61 74 69 6E 67 20 65 6E 64 2E 2E 0D 0A 
53 74 61 72 74 69 6E 67 20 74 68 65 20 64 72 79 
20 72 75 6E 2E 2E 20 0D 0A 53 74 61 72 74 69 6E 
67 2E 2E 43 61 6C 69 62 72 61 74 69 6E 67 20 73 
74 61 72 74 2E 2E 43 61 6C 69 62 72 61 74 69 6E 
67 20 65 6E 64 2E 2E 0D 0A 53 74 61 72 74 69 6E 
67 20 74 68 65 20 64 72 79 20 72 75 6E 2E 2E 20 
0D 0A 53 74 61 72 74 69 6E 67 2E 2E 43 61 6C 69 
62 72 61 74 69 6E 67 20 73 74 61 72 74 2E 2E 43 
61 6C 69 62 72 61 74 69 6E 67 20 65 6E 64 2E 2E 
0D 0A 53 74 61 72 74 69 6E 67 20 74 68 65 20 64 
72 79 20 72 75 6E 2E 2E 20 0D 0A 39 30 20 39 30 
20 2D 39 30 20 2D 39 30 20 39 30 20 39 30 20 0D 
0A 47 72 69 64 3A 0D 0A 2D 31 20 30 20 30 20 30 
20 30 20 30 20 0D 0A 30 20 30 20 30 20 30 20 31 
20 30 20 0D 0A 30 20 31 20 30 20 31 20 30 20 30 
20 0D 0A 30 20 30 20 30 20 31 20 30 20 30 20 0D 
0A 30 20 30 20 30 20 30 20 30 20 30 20 0D 0A 30 
20 30 20 30 20 30 20 30 20 30 20 0D 0A 53 74 61 
72 74 69 6E 67 2E 2E 43 61 6C 69 62 72 61 74 69 
6E 67 20 73 74 61 72 74 2E 2E 43 61 6C 69 62 72 
61 74 69 6E 67 20 65 6E 64 2E 2E 0D 0A 53 74 61 
72 74 69 6E 67 20 74 68 65 20 64 72 79 20 72 75 
6E 2E 2E 20 0D 0A 39 30 20 39 30 20 2D 39 30 20 
2D 39 30 20 53 74 61 72 74 69 6E 67 2E 2E 43 61 
6C 69 62 72 61 74 69 6E 67 20 73 74 61 72 74 2E 
2E 53 74 61 72 74 69 6E 67 2E 2E 43 61 6C 69 62 
72 61 74 69 6E 67 20 73 74 61 72 74 2E 2E 43 61 
6C 69 62 72 61 74 69 6E 67 20 65 6E 64 2E 2E 0D 
0A 53 74 61 72 74 69 6E 67 20 74 68 65 20 64 72 
79 20 72 75 6E 2E 2E 20 0D 0A 39 30 20 39 30 20 
53 74 61 72 74 69 6E 67 2E 2E 43 61 6C 69 62 72 
61 74 69 6E 67 20 73 74 61 72 74 2E 2E 53 74 61 
72 74 69 6E 67 2E 2E 43 61 6C 69 62 72 61 74 69 
6E 67 20 73 74 61 72 74 2E 2E 43 61 6C 69 62 72 
61 74 69 6E 67 20 65 6E 64 2E 2E 0D 0A 53 74 61 
72 74 69 6E 67 20 74 68 65 20 64 72 79 20 72 75 
6E 2E 2E 20 0D 0A 53 74 61 72 74 69 6E 67 2E 2E 
43 61 6C 69 62 72 61 74 69 6E 67 20 73 74 61 72 
74 2E 2E 43 61 6C 69 62 72 61 74 69 6E 67 20 65 
6E 64 2E 2E 0D 0A 53 74 61 72 74 69 6E 67 20 74 
68 65 20 64 72 79 20 72 75 6E 2E 2E 20 0D 0A 53 
74 61 72 74 69 6E 67 2E 2E 43 61 6C 69 62 72 61 
74 69 6E 67 20 73 74 61 72 74 2E 2E 43 61 6C 69 
62 72 61 74 69 6E 67 20 65 6E 64 2E 2E 0D 0A 53 
74 61 72 74 69 6E 67 20 74 68 65 20 64 72 79 20 
72 75 6E 2E 2E 20 0D 0A 39 30 20 53 74 61 72 74 
69 6E 67 2E 2E 43 61 6C 69 62 72 61 74 69 6E 67 
20 73 74 61 72 74 2E 2E 53 74 61 72 74 69 6E 67 
2E 2E 43 61 6C 69 62 72 61 74 69 6E 67 20 73 74 
61 72 74 2E 2E 43 61 6C 69 62 72 61 74 69 6E 67 
20 65 6E 64 2E 2E 0D 0A 53 74 61 72 74 69 6E 67 
20 74 68 65 20 64 72 79 20 72 75 6E 2E 2E 20 0D 
0A 39 30 20 39 30 20 53 74 61 72 74 69 6E 67 2E 
2E 43 61 6C 69 62 72 61 74 69 6E 67 20 73 74 61 
72 74 2E 2E 53 74 61 72 74 69 6E 67 2E 2E 43 61 
6C 69 62 72 61 74 69 6E 67 20 73 74 61 72 74 2E 
2E 43 61 6C 69 62 72 61 74 69 6E 67 20 65 6E 64 
2E 2E 0D 0A 53 74 61 72 74 69 6E 67 20 74 68 65 
20 64 72 79 20 72 75 6E 2E 2E 20 0D 0A 53 74 61 
72 74 69 6E 67 2E 2E 43 61 6C 69 62 72 61 74 69 
6E 67 20 73 74 61 72 74 2E 2E 53 74 61 72 74 69 
6E 67 2E 2E 43 61 6C 69 62 72 61 74 69 6E 67 20 
73 74 61 72 74 2E 2E 43 61 6C 69 62 72 61 74 69 
6E 67 20 65 6E 64 2E 2E 0D 0A 53 74 61 72 74 69 
6E 67 20 74 68 65 20 64 72 79 20 72 75 6E 2E 2E 
20 0D 0A 39 30 20 53 74 61 72 74 69 6E 67 2E 2E 
43 61 6C 69 62 72 61 74 69 6E 67 20 73 74 61 72 
74 2E 2E 53 74 61 72 74 69 6E 67 2E 2E 43 61 6C 
69 62 72 61 74 69 6E 67 20 73 74 61 72 74 2E 2E 
43 61 6C 69 62 72 61 74 69 6E 67 20 65 6E 64 2E 
2E 0D 0A 53 74 61 72 74 69 6E 67 20 74 68 65 20 
64 72 79 20 72 75 6E 2E 2E 20 0D 0A 53 74 61 72 
74 69 6E 67 2E 2E 43 61 6C 69 62 72 61 74 69 6E 
67 20 73 74 61 72 74 2E 2E 43 61 6C 69 62 72 61 
74 69 6E 67 20 65 6E 64 2E 2E 0D 0A 53 74 61 72 
74 69 6E 67 20 74 68 65 20 64 72 79 20 72 75 6E 
2E 2E 20 0D 0A 53 74 61 72 74 69 6E 67 2E 2E 43 
61 6C 69 62 72 61 74 69 6E 67 20 73 74 61 72 74 
2E 2E 53 74 61 72 74 69 6E 67 2E 2E 43 61 6C 69 
62 72 61 74 69 6E 67 20 73 74 61 72 74 2E 2E 43 
61 6C 69 62 72 61 74 69 6E 67 20 65 6E 64 2E 2E 
0D 0A 53 74 61 72 74 69 6E 67 20 74 68 65 20 64 